<?xml version="1.0" encoding="UTF-8"?>
<!-- Generated by org.testng.reporters.JUnitReportReporter -->
<testsuite hostname="SANJU" name="com.wellsfargo.selenium_automation.IndeedTestNGTests" tests="4" failures="0" timestamp="9 Apr 2017 06:00:23 GMT" time="31.701" errors="0">
  <testcase name="testIndeedJobSearch" time="7.689" classname="com.wellsfargo.selenium_automation.IndeedTestNGTests"/>
  <testcase name="testIndeedJobSearch" time="8.668" classname="com.wellsfargo.selenium_automation.IndeedTestNGTests"/>
  <testcase name="testIndeedJobSearch" time="7.992" classname="com.wellsfargo.selenium_automation.IndeedTestNGTests"/>
  <testcase name="testIndeedSiteHomePageLogo" time="7.352" classname="com.wellsfargo.selenium_automation.IndeedTestNGTests"/>
</testsuite> <!-- com.wellsfargo.selenium_automation.IndeedTestNGTests -->
