<?xml version="1.0" encoding="UTF-8"?>
<!-- Generated by org.testng.reporters.JUnitReportReporter -->
<testsuite hostname="SANJU" name="com.wellsfargo.selenium_automation.IndeedTestDo1" tests="3" failures="0" timestamp="9 Apr 2017 16:21:49 GMT" time="130.492" errors="0">
  <testcase name="JobSearchTest" time="44.505" classname="com.wellsfargo.selenium_automation.IndeedTestDo1"/>
  <testcase name="JobSearchTest" time="43.062" classname="com.wellsfargo.selenium_automation.IndeedTestDo1"/>
  <testcase name="JobSearchTest" time="42.925" classname="com.wellsfargo.selenium_automation.IndeedTestDo1"/>
</testsuite> <!-- com.wellsfargo.selenium_automation.IndeedTestDo1 -->
